Task Name: Inforatica_project_activity_Inforatica_project_activity
Agent Group Id: 025000000000002
Agent Group Name: Informatica Cloud Hosted Agent
Agent Id: 00800000000002J
11/15/2022 04:56:58 **** Importing Connection: Conn_011SCX0B000000000002 ...
11/15/2022 04:56:58 **** Importing Source Definition: Cars ...
11/15/2022 04:56:58 **** Importing Target Definition: Min_car_price_rajendra ...
11/15/2022 04:56:58 **** Importing Target Definition: Max_Car_Prices_Rajendra ...
11/15/2022 04:56:58 **** Importing SessionConfig: default_session_config ...
    <Warning> :  The Error Log DB Connection value should have Relational: as the prefix.
    <Warning> :  Invalid value  for attribute Error Log DB Connection. Will use the default value 
    Validating Source Definition  Cars...
    Validating Target Definition  Max_Car_Prices_Rajendra...
    Validating Target Definition  Min_car_price_rajendra...
11/15/2022 04:56:58 **** Importing Mapping: Mapping0 ...
    <Warning> :  transformation: Source - Invalid value  for attribute Output is repeatable. Will use the default value Never    [transformation< Source > ] 
Validating transformations of mapping Mapping0...
Validating mapping variable(s).
11/15/2022 04:56:58 **** Importing Workflow: wf_mtt_011SCX0Z000000000006 ...
    <Warning> :  Invalid value None for attribute Pushdown Optimization Context. Will use the default value None     [Session< s_mtt_011SCX0Z000000000006 > ] 
    <Warning> :  The value entered is not a valid integer.
    <Warning> :  Invalid value NO for attribute Fail task after wait time. Will use the default value 
Successfully extracted session instance [s_mtt_011SCX0Z000000000006].  Starting repository sequence id is [-761994918]
DIRECTOR> VAR_27085 [2022-11-15 04:56:58.589] Parameter file [/data2/home/cldagnt/SystemAgent/apps/Data_Integration_Server/data/011SCX0E0000000000GW/011SCX/parameters/s_mtt_011SCX0Z000000000006.param] is opened for [session [wf_mtt_011SCX0Z000000000006.s_mtt_011SCX0Z000000000006]].
DIRECTOR> VAR_27062 [2022-11-15 04:56:58.590] Warning! Cannot find section for worklet [wf_mtt_011SCX0Z000000000006] and folder [] in parameter file [/data2/home/cldagnt/SystemAgent/apps/Data_Integration_Server/data/011SCX0E0000000000GW/011SCX/parameters/s_mtt_011SCX0Z000000000006.param].
DIRECTOR> TM_6014 [2022-11-15 04:56:58.590] Initializing session [s_mtt_011SCX0Z000000000006] at [Tue Nov 15 04:56:58 2022].
DIRECTOR> TM_6683 [2022-11-15 04:56:58.590] Repository Name: [XMLRepository]
DIRECTOR> TM_6684 [2022-11-15 04:56:58.590] Server Name: [rDTM]
DIRECTOR> TM_6686 [2022-11-15 04:56:58.590] Folder: []
DIRECTOR> TM_6685 [2022-11-15 04:56:58.590] Workflow: [wf_mtt_011SCX0Z000000000006] Run Instance Name: [] Run Id: [0]
DIRECTOR> TM_6992 [2022-11-15 04:56:58.590] Opearting System Type [Linux]
DIRECTOR> TM_6101 [2022-11-15 04:56:58.590] Mapping name: Mapping0.
DIRECTOR> TM_6964 [2022-11-15 04:56:58.590] Date format for the Session is [MM/DD/YYYY HH24:MI:SS.US]
DIRECTOR> TM_6703 [2022-11-15 04:56:58.591] Session [s_mtt_011SCX0Z000000000006] is run by 64-bit Integration Service  [], version [10.2.0 HotFix2], build [0320].
MANAGER> PETL_24091 [2022-11-15 04:56:58.600] Thread [MANAGER] has the ID [1].
MANAGER> PETL_24058 [2022-11-15 04:56:58.600] Running Partition Group [1].
MANAGER> PETL_24000 [2022-11-15 04:56:58.600] Parallel Pipeline Engine initializing.
MONITOR> PETL_24091 [2022-11-15 04:56:58.600] Thread [MONITOR] has the ID [2].
MANAGER> PETL_24001 [2022-11-15 04:56:58.601] Parallel Pipeline Engine running.
MANAGER> PETL_24003 [2022-11-15 04:56:58.601] Initializing session run.
MAPPING> PETL_24091 [2022-11-15 04:56:58.601] Thread [MAPPING] has the ID [3].
MAPPING> CMN_1569 [2022-11-15 04:56:58.603] Server Mode: [UNICODE]
MAPPING> CMN_1570 [2022-11-15 04:56:58.603] Server Code page: [ISO 8859-1 Western European]
MAPPING> TM_6151 [2022-11-15 04:56:58.603] The session sort order is [Binary].
MAPPING> TM_6185 [2022-11-15 04:56:58.603] Warning. Code page validation is disabled in this session.
MAPPING> CMN_65109 [2022-11-15 04:56:58.603] Current Timezone:[UTC +0:0]
MAPPING> CMN_65111 [2022-11-15 04:56:58.603] Current Process ID:[3586]
MAPPING> TM_6155 [2022-11-15 04:56:58.603] Using HIGH precision processing.
MAPPING> TM_6180 [2022-11-15 04:56:58.603] Deadlock retry logic will not be implemented.
MAPPING> TM_6187 [2022-11-15 04:56:58.603] Session target-based commit interval is [10000].
MAPPING> TM_6307 [2022-11-15 04:56:58.603] DTM error log disabled. 
MAPPING> TE_7022 [2022-11-15 04:56:58.603] TShmWriter: Initialized
MAPPING> DBG_21694 [2022-11-15 04:56:58.605] Aggregator Partition [0]: Index cache size = [1000000], Data cache size = [2000000]
MAPPING> TE_7212 [2022-11-15 04:56:58.605] Increasing [Index Cache] size for transformation [Aggregator] from [1000000] to [3586048].
MAPPING> TE_7212 [2022-11-15 04:56:58.605] Increasing [Data Cache] size for transformation [Aggregator] from [2000000] to [2097528].
MAPPING> TE_7029 [2022-11-15 04:56:58.605] Aggregate Information: Creating New Index and Data Files
MAPPING> TE_7034 [2022-11-15 04:56:58.605] Aggregate Information: Index file is [/data2/home/cldagnt/SystemAgent/apps/Data_Integration_Server/data/011SCX0E0000000000GW/011SCX/cache/PMAGG-761994875_5_0.idx]
MAPPING> TE_7035 [2022-11-15 04:56:58.605] Aggregate Information: Data file is [/data2/home/cldagnt/SystemAgent/apps/Data_Integration_Server/data/011SCX0E0000000000GW/011SCX/cache/PMAGG-761994875_5_0.dat]
MAPPING> DBG_21694 [2022-11-15 04:56:58.606] Aggregator1 Partition [0]: Index cache size = [1000000], Data cache size = [2000000]
MAPPING> TE_7212 [2022-11-15 04:56:58.606] Increasing [Index Cache] size for transformation [Aggregator1] from [1000000] to [3586048].
MAPPING> TE_7212 [2022-11-15 04:56:58.606] Increasing [Data Cache] size for transformation [Aggregator1] from [2000000] to [2097328].
MAPPING> TE_7029 [2022-11-15 04:56:58.606] Aggregate Information: Creating New Index and Data Files
MAPPING> TE_7034 [2022-11-15 04:56:58.606] Aggregate Information: Index file is [/data2/home/cldagnt/SystemAgent/apps/Data_Integration_Server/data/011SCX0E0000000000GW/011SCX/cache/PMAGG-761994875_6_0.idx]
MAPPING> TE_7035 [2022-11-15 04:56:58.606] Aggregate Information: Data file is [/data2/home/cldagnt/SystemAgent/apps/Data_Integration_Server/data/011SCX0E0000000000GW/011SCX/cache/PMAGG-761994875_6_0.dat]
MAPPING> TM_6007 [2022-11-15 04:56:58.606] DTM initialized successfully for session [s_mtt_011SCX0Z000000000006]
DIRECTOR> PETL_24033 [2022-11-15 04:56:58.628] All DTM Connection Info: [<NONE>].
MANAGER> PETL_24004 [2022-11-15 04:56:58.628] Starting pre-session tasks. : (Tue Nov 15 04:56:58 2022)
PRE-SESS> PETL_24091 [2022-11-15 04:56:58.629] Thread [PRE-SESS] has the ID [4].
MANAGER> PETL_24027 [2022-11-15 04:56:58.630] Pre-session task completed successfully. : (Tue Nov 15 04:56:58 2022)
DIRECTOR> PETL_24006 [2022-11-15 04:56:58.630] Starting data movement.
MAPPING> TM_6660 [2022-11-15 04:56:58.630] Total Buffer Pool size is 4654240 bytes and Block size is 164080 bytes.
READER_1_1_1> PETL_24091 [2022-11-15 04:56:58.631] Thread [READER_1_1_1] has the ID [5].
READER_1_1_1> DBG_21438 [2022-11-15 04:56:58.632] Reader: Source is [odbc://dbtype=MySQL;host=remotemysql.com;port=3306;database=wOoJkjpNhU], Type [ODBC], User [wOoJkjpNhU]
READER_1_1_1> BLKR_16051 [2022-11-15 04:56:58.633] Source database connection [Conn_011SCX0B000000000002] code page: [MS Windows Latin 1 (ANSI), superset of Latin1]
READER_1_1_1> CMN_1021 [2022-11-15 04:56:58.633] Database driver event...
CMN_1021 [Driver Manager used is [UnixODBC 2.3.4].]

READER_1_1_1> CMN_1021 [2022-11-15 04:57:01.160] Database driver event...
CMN_1021 [ODBC Event Using array fetches.
ODBC Event Using Single Row Inserts. connect string = [Driver=MySQL ODBC 8.0 Unicode Driver;Server=remotemysql.com;Database=wOoJkjpNhU;Port=3306;USER=wOoJkjpNhU;NO_SSPS=1;stmt=set time_zone = '+00:00';OPTION=3;SSLMODE=DISABLED]. userid = [wOoJkjpNhU]
ODBC Version:	03.52
.
DBMS Name:	MySQL
.
DBMS Version:	8.0.13-4
.
Driver Name:	libmyodbc8w.so
.
Driver Version:	08.00.0012
.
Driver ODBC Version:	03.80
.
MySQL rewrite batch optimization is disabled with maximum bind parameter size set to 2500.]

READER_1_1_1> BLKR_16003 [2022-11-15 04:57:01.160] Initialization completed successfully.
TRANSF_1_1_1> PETL_24091 [2022-11-15 04:57:01.161] Thread [TRANSF_1_1_1] has the ID [6].
WRITER_1_*_1> PETL_24091 [2022-11-15 04:57:01.161] Thread [WRITER_1_*_1] has the ID [7].
WRITER_1_*_1> WRT_8147 [2022-11-15 04:57:01.162] Writer: Target is Database [odbc://dbtype=MySQL;host=remotemysql.com;port=3306;database=wOoJkjpNhU], Type [ODBC], User [wOoJkjpNhU], Bulk Mode [OFF]
WRITER_1_*_1> CMN_1021 [2022-11-15 04:57:01.162] Database driver event...
CMN_1021 [Driver Manager used is [UnixODBC 2.3.4].]

WRITER_1_*_1> CMN_1021 [2022-11-15 04:57:03.685] Database driver event...
CMN_1021 [ODBC Event Using array fetches.
ODBC Event Using Single Row Inserts. connect string = [Driver=MySQL ODBC 8.0 Unicode Driver;Server=remotemysql.com;Database=wOoJkjpNhU;Port=3306;USER=wOoJkjpNhU;NO_SSPS=1;stmt=set time_zone = '+00:00';OPTION=3;SSLMODE=DISABLED]. userid = [wOoJkjpNhU]
ODBC Version:	03.52
.
DBMS Name:	MySQL
.
DBMS Version:	8.0.13-4
.
Driver Name:	libmyodbc8w.so
.
Driver Version:	08.00.0012
.
Driver ODBC Version:	03.80
.
MySQL rewrite batch optimization is disabled with maximum bind parameter size set to 2500.]

WRITER_1_*_1> WRT_8221 [2022-11-15 04:57:04.246] Target database connection [Conn_011SCX0B000000000002] code page: [MS Windows Latin 1 (ANSI), superset of Latin1]
WRITER_1_*_1> WRT_8124 [2022-11-15 04:57:04.247] Target Table Min_car_price_rajendra :SQL INSERT statement:
INSERT INTO wOoJkjpNhU.Min_car_price_rajendra(Car_ID,Car_Name,Car_Country,Car_Price,min_price)  VALUES ( ?, ?, ?, ?, ?) 
WRITER_1_*_1> WRT_8020 [2022-11-15 04:57:04.247] No column marked as primary key for table [Min_car_price_rajendra]. UPDATEs Not Supported.
WRITER_1_*_1> WRT_8147 [2022-11-15 04:57:04.247] Writer: Target is Database [odbc://dbtype=MySQL;host=remotemysql.com;port=3306;database=wOoJkjpNhU], Type [ODBC], User [wOoJkjpNhU], Bulk Mode [OFF]
WRITER_1_*_1> WRT_8124 [2022-11-15 04:57:04.248] Target Table Max_Car_Prices_Rajendra :SQL INSERT statement:
INSERT INTO wOoJkjpNhU.Max_Car_Prices_Rajendra(Car_ID,Car_Name,Car_Country,Car_Price)  VALUES ( ?, ?, ?, ?) 
WRITER_1_*_1> WRT_8020 [2022-11-15 04:57:04.248] No column marked as primary key for table [Max_Car_Prices_Rajendra]. UPDATEs Not Supported.
WRITER_1_*_1> WRT_8270 [2022-11-15 04:57:04.248] Target connection group #1 consists of target(s) [Min_car_price_rajendra, Max_Car_Prices_Rajendra]
WRITER_1_*_1> WRT_8003 [2022-11-15 04:57:04.248] Writer initialization complete.
WRITER_1_*_1> WRT_8005 [2022-11-15 04:57:04.248] Writer run started.
READER_1_1_1> BLKR_16007 [2022-11-15 04:57:04.248] Reader run started.
WRITER_1_*_1> WRT_8158 [2022-11-15 04:57:04.248] 

*****START LOAD SESSION*****

Load Start Time: Tue Nov 15 04:57:04 2022

Target tables:

     Min_car_price_rajendra
     Max_Car_Prices_Rajendra


READER_1_1_1> RR_4010 [2022-11-15 04:57:04.248] SQ instance [Source] SQL Query [SELECT wOoJkjpNhU.Cars.Car_ID, wOoJkjpNhU.Cars.Car_Name, wOoJkjpNhU.Cars.Car_Country, wOoJkjpNhU.Cars.Car_Price FROM wOoJkjpNhU.Cars]
READER_1_1_1> RR_4049 [2022-11-15 04:57:04.248] SQL Query issued to database : (Tue Nov 15 04:57:04 2022)
READER_1_1_1> RR_4050 [2022-11-15 04:57:04.530] First row returned from database to reader : (Tue Nov 15 04:57:04 2022)
READER_1_1_1> BLKR_16019 [2022-11-15 04:57:04.530] Read [100] rows, read [0] error rows for source table [Cars] instance name [Cars]
READER_1_1_1> BLKR_16008 [2022-11-15 04:57:04.530] Reader run completed.
TRANSF_1_1_1> TE_7032 [2022-11-15 04:57:04.540] The B-Tree being managed in files
/data2/home/cldagnt/SystemAgent/apps/Data_Integration_Server/data/011SCX0E0000000000GW/011SCX/cache/PMAGG-761994875_5_0.dat for Data and

/data2/home/cldagnt/SystemAgent/apps/Data_Integration_Server/data/011SCX0E0000000000GW/011SCX/cache/PMAGG-761994875_5_0.idx for Index has:
	Index Size:	515
	Row Size:	256
	Order:		100
	Minimum Order:	50
	Height:		1
	Entries:	20
	IndexPageSize:	52736
	IndexPages:	68
	DataPageSize:	776
	DataPages:	2703

WRITER_1_*_1> WRT_8167 [2022-11-15 04:57:04.540] Start loading table [Min_car_price_rajendra] at: Tue Nov 15 04:57:04 2022
TRANSF_1_1_1> TE_7032 [2022-11-15 04:57:04.540] The B-Tree being managed in files
/data2/home/cldagnt/SystemAgent/apps/Data_Integration_Server/data/011SCX0E0000000000GW/011SCX/cache/PMAGG-761994875_6_0.dat for Data and

/data2/home/cldagnt/SystemAgent/apps/Data_Integration_Server/data/011SCX0E0000000000GW/011SCX/cache/PMAGG-761994875_6_0.idx for Index has:
	Index Size:	515
	Row Size:	248
	Order:		100
	Minimum Order:	50
	Height:		1
	Entries:	20
	IndexPageSize:	52736
	IndexPages:	68
	DataPageSize:	752
	DataPages:	2789

TRANSF_1_1_1> DBG_21216 [2022-11-15 04:57:04.540] Finished transformations for Source Qualifier [Source]. Total errors [0] 
WRITER_1_*_1> WRT_8167 [2022-11-15 04:57:10.159] Start loading table [Max_Car_Prices_Rajendra] at: Tue Nov 15 04:57:10 2022
WRITER_1_*_1> WRT_8168 [2022-11-15 04:57:15.766] End loading table [Min_car_price_rajendra] at: Tue Nov 15 04:57:15 2022
WRITER_1_*_1> WRT_8141 [2022-11-15 04:57:16.062] 
Commit on end-of-data  Tue Nov 15 04:57:15 2022
===================================================

WRT_8036 Target: Min_car_price_rajendra (Instance Name: [Min_car_price_rajendra])
WRT_8038 Inserted rows - Requested: 20         Applied: 20         Rejected: 0          Affected: 20        

WRT_8036 Target: Max_Car_Prices_Rajendra (Instance Name: [Max_Car_Prices_Rajendra])
WRT_8038 Inserted rows - Requested: 20         Applied: 20         Rejected: 0          Affected: 20        

WRITER_1_*_1> WRT_8168 [2022-11-15 04:57:16.062] End loading table [Max_Car_Prices_Rajendra] at: Tue Nov 15 04:57:15 2022
WRITER_1_*_1> WRT_8035 [2022-11-15 04:57:16.062] Load complete time: Tue Nov 15 04:57:15 2022

LOAD SUMMARY
============

WRT_8036 Target: Min_car_price_rajendra (Instance Name: [Min_car_price_rajendra])
WRT_8038 Inserted rows - Requested: 20         Applied: 20         Rejected: 0          Affected: 20        

WRT_8036 Target: Max_Car_Prices_Rajendra (Instance Name: [Max_Car_Prices_Rajendra])
WRT_8038 Inserted rows - Requested: 20         Applied: 20         Rejected: 0          Affected: 20        


WRITER_1_*_1> WRT_8043 [2022-11-15 04:57:16.062] *****END LOAD SESSION*****
WRITER_1_*_1> WRT_8006 [2022-11-15 04:57:16.346] Writer run completed.
MANAGER> PETL_24031 [2022-11-15 04:57:16.347] 
***** RUN INFO FOR TGT LOAD ORDER GROUP [1], CONCURRENT SET [1] *****
Thread [READER_1_1_1] created for [the read stage] of partition point [Source] has completed.
	Total Run Time = [0.562586] secs
	Total Idle Time = [0.000000] secs
	Busy Percentage = [100.000000]
Thread [TRANSF_1_1_1] created for [the transformation stage] of partition point [Source] has completed. The total run time was insufficient for any meaningful statistics.
Thread [WRITER_1_*_1] created for [the write stage] of partition point [Min_car_price_rajendra, Max_Car_Prices_Rajendra] has completed.
	Total Run Time = [11.806485] secs
	Total Idle Time = [0.000000] secs
	Busy Percentage = [100.000000]

MAPPING> CMN_1791 [2022-11-15 04:57:16.347] The index cache size that would hold [20] aggregate groups of input rows for [Aggregator], in memory, is [52736] bytes
MAPPING> CMN_1790 [2022-11-15 04:57:16.347] The data cache size that would hold [20] aggregate groups of input rows for [Aggregator], in memory, is [5432] bytes
MAPPING> CMN_1791 [2022-11-15 04:57:16.347] The index cache size that would hold [20] aggregate groups of input rows for [Aggregator1], in memory, is [52736] bytes
MAPPING> CMN_1790 [2022-11-15 04:57:16.347] The data cache size that would hold [20] aggregate groups of input rows for [Aggregator1], in memory, is [5264] bytes
MANAGER> PETL_24005 [2022-11-15 04:57:16.348] Starting post-session tasks. : (Tue Nov 15 04:57:16 2022)
POST-SESS> PETL_24091 [2022-11-15 04:57:16.348] Thread [POST-SESS] has the ID [8].
MANAGER> PETL_24029 [2022-11-15 04:57:16.348] Post-session task completed successfully. : (Tue Nov 15 04:57:16 2022)
MAPPING> TM_6018 [2022-11-15 04:57:16.348] The session completed with [0] row transformation errors. 
MANAGER> TE_7216 [2022-11-15 04:57:16.349] Deleting cache files [/data2/home/cldagnt/SystemAgent/apps/Data_Integration_Server/data/011SCX0E0000000000GW/011SCX/cache/PMAGG-761994875_5_0.idx] for transformation [Aggregator].
MANAGER> TE_7216 [2022-11-15 04:57:16.349] Deleting cache files [/data2/home/cldagnt/SystemAgent/apps/Data_Integration_Server/data/011SCX0E0000000000GW/011SCX/cache/PMAGG-761994875_5_0.dat] for transformation [Aggregator].
MANAGER> TE_7216 [2022-11-15 04:57:16.349] Deleting cache files [/data2/home/cldagnt/SystemAgent/apps/Data_Integration_Server/data/011SCX0E0000000000GW/011SCX/cache/PMAGG-761994875_6_0.idx] for transformation [Aggregator1].
MANAGER> TE_7216 [2022-11-15 04:57:16.349] Deleting cache files [/data2/home/cldagnt/SystemAgent/apps/Data_Integration_Server/data/011SCX0E0000000000GW/011SCX/cache/PMAGG-761994875_6_0.dat] for transformation [Aggregator1].
MANAGER> PETL_24002 [2022-11-15 04:57:17.147] Parallel Pipeline Engine finished.
DIRECTOR> PETL_24012 [2022-11-15 04:57:17.147] Session run completed successfully.
DIRECTOR> TM_6022 [2022-11-15 04:57:17.147] 

SESSION LOAD SUMMARY
================================================

DIRECTOR> TM_6252 [2022-11-15 04:57:17.147] Source Load Summary.
DIRECTOR> CMN_1740 [2022-11-15 04:57:17.147] Table: [Source] (Instance Name: [Source] Instance UI Name: [Source])
	 Output Rows [100], Affected Rows [100], Applied Rows [100], Rejected Rows [0]
DIRECTOR> TM_6253 [2022-11-15 04:57:17.147] Target Load Summary.
DIRECTOR> CMN_1740 [2022-11-15 04:57:17.147] Table: [Min_car_price_rajendra] (Instance Name: [Min_car_price_rajendra] Instance UI Name: [Target])
	 Output Rows [20], Affected Rows [20], Applied Rows [20], Rejected Rows [0]
DIRECTOR> CMN_1740 [2022-11-15 04:57:17.147] Table: [Max_Car_Prices_Rajendra] (Instance Name: [Max_Car_Prices_Rajendra] Instance UI Name: [Target1])
	 Output Rows [20], Affected Rows [20], Applied Rows [20], Rejected Rows [0]
DIRECTOR> TM_6023 [2022-11-15 04:57:17.147] 
===================================================

DIRECTOR> TM_6020 [2022-11-15 04:57:17.147] Session [s_mtt_011SCX0Z000000000006] completed at [Tue Nov 15 04:57:17 2022].
