Task Name: Simple_Filter_Mapping1_Simple_Filter_Mapping1
Agent Group Id: 025000000000002
Agent Group Name: Informatica Cloud Hosted Agent
Agent Id: 00800000000002K
11/11/2022 04:46:12 **** Importing Connection: Conn_011SCX0B000000000002 ...
11/11/2022 04:46:12 **** Importing Source Definition: Phones ...
11/11/2022 04:46:12 **** Importing Target Definition: Budget_Phones ...
11/11/2022 04:46:12 **** Importing Target Definition: Midrange_Phones ...
11/11/2022 04:46:12 **** Importing Target Definition: Luxury_Phones ...
11/11/2022 04:46:12 **** Importing SessionConfig: default_session_config ...
    <Warning> :  The Error Log DB Connection value should have Relational: as the prefix.
    <Warning> :  Invalid value  for attribute Error Log DB Connection. Will use the default value 
    Validating Source Definition  Phones...
    Validating Target Definition  Luxury_Phones...
    Validating Target Definition  Midrange_Phones...
    Validating Target Definition  Budget_Phones...
11/11/2022 04:46:12 **** Importing Mapping: Mapping0 ...
    <Warning> :  transformation: Source - Invalid value  for attribute Output is repeatable. Will use the default value Never    [transformation< Source > ] 
Validating transformations of mapping Mapping0...
Validating mapping variable(s).
11/11/2022 04:46:12 **** Importing Workflow: wf_mtt_011SCX0Z000000000002 ...
    <Warning> :  Invalid value None for attribute Pushdown Optimization Context. Will use the default value None     [Session< s_mtt_011SCX0Z000000000002 > ] 
    <Warning> :  The value entered is not a valid integer.
    <Warning> :  Invalid value NO for attribute Fail task after wait time. Will use the default value 
Successfully extracted session instance [s_mtt_011SCX0Z000000000002].  Starting repository sequence id is [-886074146]
DIRECTOR> VAR_27085 [2022-11-11 04:46:12.993] Parameter file [/data2/home/cldagnt/SystemAgent/apps/Data_Integration_Server/data/011SCX0E0000000000BD/011SCX/parameters/s_mtt_011SCX0Z000000000002.param] is opened for [session [wf_mtt_011SCX0Z000000000002.s_mtt_011SCX0Z000000000002]].
DIRECTOR> VAR_27062 [2022-11-11 04:46:12.994] Warning! Cannot find section for worklet [wf_mtt_011SCX0Z000000000002] and folder [] in parameter file [/data2/home/cldagnt/SystemAgent/apps/Data_Integration_Server/data/011SCX0E0000000000BD/011SCX/parameters/s_mtt_011SCX0Z000000000002.param].
DIRECTOR> TM_6014 [2022-11-11 04:46:12.994] Initializing session [s_mtt_011SCX0Z000000000002] at [Fri Nov 11 04:46:12 2022].
DIRECTOR> TM_6683 [2022-11-11 04:46:12.994] Repository Name: [XMLRepository]
DIRECTOR> TM_6684 [2022-11-11 04:46:12.994] Server Name: [rDTM]
DIRECTOR> TM_6686 [2022-11-11 04:46:12.994] Folder: []
DIRECTOR> TM_6685 [2022-11-11 04:46:12.994] Workflow: [wf_mtt_011SCX0Z000000000002] Run Instance Name: [] Run Id: [0]
DIRECTOR> TM_6992 [2022-11-11 04:46:12.994] Opearting System Type [Linux]
DIRECTOR> TM_6101 [2022-11-11 04:46:12.994] Mapping name: Mapping0.
DIRECTOR> TM_6964 [2022-11-11 04:46:12.994] Date format for the Session is [MM/DD/YYYY HH24:MI:SS.US]
DIRECTOR> TM_6703 [2022-11-11 04:46:12.995] Session [s_mtt_011SCX0Z000000000002] is run by 64-bit Integration Service  [], version [10.2.0 HotFix2], build [0320].
MANAGER> PETL_24091 [2022-11-11 04:46:13.004] Thread [MANAGER] has the ID [1].
MANAGER> PETL_24058 [2022-11-11 04:46:13.004] Running Partition Group [1].
MANAGER> PETL_24000 [2022-11-11 04:46:13.004] Parallel Pipeline Engine initializing.
MONITOR> PETL_24091 [2022-11-11 04:46:13.005] Thread [MONITOR] has the ID [2].
MANAGER> PETL_24001 [2022-11-11 04:46:13.005] Parallel Pipeline Engine running.
MANAGER> PETL_24003 [2022-11-11 04:46:13.005] Initializing session run.
MAPPING> PETL_24091 [2022-11-11 04:46:13.005] Thread [MAPPING] has the ID [3].
MAPPING> CMN_1569 [2022-11-11 04:46:13.007] Server Mode: [UNICODE]
MAPPING> CMN_1570 [2022-11-11 04:46:13.007] Server Code page: [ISO 8859-1 Western European]
MAPPING> TM_6151 [2022-11-11 04:46:13.007] The session sort order is [Binary].
MAPPING> TM_6185 [2022-11-11 04:46:13.007] Warning. Code page validation is disabled in this session.
MAPPING> CMN_65109 [2022-11-11 04:46:13.007] Current Timezone:[UTC +0:0]
MAPPING> CMN_65111 [2022-11-11 04:46:13.007] Current Process ID:[27800]
MAPPING> TM_6155 [2022-11-11 04:46:13.007] Using HIGH precision processing.
MAPPING> TM_6180 [2022-11-11 04:46:13.007] Deadlock retry logic will not be implemented.
MAPPING> TM_6187 [2022-11-11 04:46:13.007] Session target-based commit interval is [10000].
MAPPING> TM_6307 [2022-11-11 04:46:13.007] DTM error log disabled. 
MAPPING> TE_7022 [2022-11-11 04:46:13.008] TShmWriter: Initialized
MAPPING> TM_6007 [2022-11-11 04:46:13.011] DTM initialized successfully for session [s_mtt_011SCX0Z000000000002]
DIRECTOR> PETL_24033 [2022-11-11 04:46:13.026] All DTM Connection Info: [<NONE>].
MANAGER> PETL_24004 [2022-11-11 04:46:13.026] Starting pre-session tasks. : (Fri Nov 11 04:46:13 2022)
PRE-SESS> PETL_24091 [2022-11-11 04:46:13.026] Thread [PRE-SESS] has the ID [4].
MANAGER> PETL_24027 [2022-11-11 04:46:13.027] Pre-session task completed successfully. : (Fri Nov 11 04:46:13 2022)
DIRECTOR> PETL_24006 [2022-11-11 04:46:13.027] Starting data movement.
MAPPING> TM_6660 [2022-11-11 04:46:13.028] Total Buffer Pool size is 8306240 bytes and Block size is 216480 bytes.
READER_1_1_1> PETL_24091 [2022-11-11 04:46:13.029] Thread [READER_1_1_1] has the ID [5].
READER_1_1_1> DBG_21438 [2022-11-11 04:46:13.030] Reader: Source is [odbc://dbtype=MySQL;host=remotemysql.com;port=3306;database=wOoJkjpNhU], Type [ODBC], User [wOoJkjpNhU]
READER_1_1_1> BLKR_16051 [2022-11-11 04:46:13.032] Source database connection [Conn_011SCX0B000000000002] code page: [MS Windows Latin 1 (ANSI), superset of Latin1]
READER_1_1_1> CMN_1021 [2022-11-11 04:46:13.032] Database driver event...
CMN_1021 [Driver Manager used is [UnixODBC 2.3.4].]

READER_1_1_1> CMN_1021 [2022-11-11 04:46:15.749] Database driver event...
CMN_1021 [ODBC Event Using array fetches.
ODBC Event Using Single Row Inserts. connect string = [Driver=MySQL ODBC 8.0 Unicode Driver;Server=remotemysql.com;Database=wOoJkjpNhU;Port=3306;USER=wOoJkjpNhU;NO_SSPS=1;stmt=set time_zone = '+00:00';OPTION=3;SSLMODE=DISABLED]. userid = [wOoJkjpNhU]
ODBC Version:	03.52
.
DBMS Name:	MySQL
.
DBMS Version:	8.0.13-4
.
Driver Name:	libmyodbc8w.so
.
Driver Version:	08.00.0012
.
Driver ODBC Version:	03.80
.
MySQL rewrite batch optimization is disabled with maximum bind parameter size set to 2500.]

READER_1_1_1> BLKR_16003 [2022-11-11 04:46:15.749] Initialization completed successfully.
TRANSF_1_1_1> PETL_24091 [2022-11-11 04:46:15.750] Thread [TRANSF_1_1_1] has the ID [6].
WRITER_1_*_1> PETL_24091 [2022-11-11 04:46:15.750] Thread [WRITER_1_*_1] has the ID [7].
WRITER_1_*_1> WRT_8147 [2022-11-11 04:46:15.751] Writer: Target is Database [odbc://dbtype=MySQL;host=remotemysql.com;port=3306;database=wOoJkjpNhU], Type [ODBC], User [wOoJkjpNhU], Bulk Mode [OFF]
WRITER_1_*_1> CMN_1021 [2022-11-11 04:46:15.751] Database driver event...
CMN_1021 [Driver Manager used is [UnixODBC 2.3.4].]

WRITER_1_*_1> CMN_1021 [2022-11-11 04:46:18.264] Database driver event...
CMN_1021 [ODBC Event Using array fetches.
ODBC Event Using Single Row Inserts. connect string = [Driver=MySQL ODBC 8.0 Unicode Driver;Server=remotemysql.com;Database=wOoJkjpNhU;Port=3306;USER=wOoJkjpNhU;NO_SSPS=1;stmt=set time_zone = '+00:00';OPTION=3;SSLMODE=DISABLED]. userid = [wOoJkjpNhU]
ODBC Version:	03.52
.
DBMS Name:	MySQL
.
DBMS Version:	8.0.13-4
.
Driver Name:	libmyodbc8w.so
.
Driver Version:	08.00.0012
.
Driver ODBC Version:	03.80
.
MySQL rewrite batch optimization is disabled with maximum bind parameter size set to 2500.]

WRITER_1_*_1> WRT_8221 [2022-11-11 04:46:18.823] Target database connection [Conn_011SCX0B000000000002] code page: [MS Windows Latin 1 (ANSI), superset of Latin1]
WRITER_1_*_1> WRT_8124 [2022-11-11 04:46:18.824] Target Table Budget_Phones :SQL INSERT statement:
INSERT INTO wOoJkjpNhU.Budget_Phones(Prod_ID,Prod_Name,Prod_Desc,Prod_Price)  VALUES ( ?, ?, ?, ?) 
WRITER_1_*_1> WRT_8124 [2022-11-11 04:46:18.824] Target Table Budget_Phones :SQL UPDATE statement:
All columns marked as primary keys. UPDATEs will have no effect.
WRITER_1_*_1> WRT_8124 [2022-11-11 04:46:18.824] Target Table Budget_Phones :SQL DELETE statement:
DELETE FROM wOoJkjpNhU.Budget_Phones WHERE Prod_ID = ? AND Prod_Name = ? AND Prod_Desc = ? AND Prod_Price = ?
WRITER_1_*_1> WRT_8147 [2022-11-11 04:46:18.824] Writer: Target is Database [odbc://dbtype=MySQL;host=remotemysql.com;port=3306;database=wOoJkjpNhU], Type [ODBC], User [wOoJkjpNhU], Bulk Mode [OFF]
WRITER_1_*_1> WRT_8124 [2022-11-11 04:46:18.825] Target Table Midrange_Phones :SQL INSERT statement:
INSERT INTO wOoJkjpNhU.Midrange_Phones(Prod_ID,Prod_Name,Prod_Desc,Prod_Price)  VALUES ( ?, ?, ?, ?) 
WRITER_1_*_1> WRT_8124 [2022-11-11 04:46:18.825] Target Table Midrange_Phones :SQL UPDATE statement:
All columns marked as primary keys. UPDATEs will have no effect.
WRITER_1_*_1> WRT_8124 [2022-11-11 04:46:18.825] Target Table Midrange_Phones :SQL DELETE statement:
DELETE FROM wOoJkjpNhU.Midrange_Phones WHERE Prod_ID = ? AND Prod_Name = ? AND Prod_Desc = ? AND Prod_Price = ?
WRITER_1_*_1> WRT_8147 [2022-11-11 04:46:18.825] Writer: Target is Database [odbc://dbtype=MySQL;host=remotemysql.com;port=3306;database=wOoJkjpNhU], Type [ODBC], User [wOoJkjpNhU], Bulk Mode [OFF]
WRITER_1_*_1> WRT_8124 [2022-11-11 04:46:18.825] Target Table Luxury_Phones :SQL INSERT statement:
INSERT INTO wOoJkjpNhU.Luxury_Phones(Prod_ID,Prod_Name,Prod_Desc,Prod_Price)  VALUES ( ?, ?, ?, ?) 
WRITER_1_*_1> WRT_8124 [2022-11-11 04:46:18.826] Target Table Luxury_Phones :SQL UPDATE statement:
All columns marked as primary keys. UPDATEs will have no effect.
WRITER_1_*_1> WRT_8124 [2022-11-11 04:46:18.826] Target Table Luxury_Phones :SQL DELETE statement:
DELETE FROM wOoJkjpNhU.Luxury_Phones WHERE Prod_ID = ? AND Prod_Name = ? AND Prod_Desc = ? AND Prod_Price = ?
WRITER_1_*_1> WRT_8270 [2022-11-11 04:46:18.826] Target connection group #1 consists of target(s) [Budget_Phones, Midrange_Phones, Luxury_Phones]
WRITER_1_*_1> WRT_8003 [2022-11-11 04:46:18.826] Writer initialization complete.
READER_1_1_1> BLKR_16007 [2022-11-11 04:46:18.826] Reader run started.
WRITER_1_*_1> WRT_8005 [2022-11-11 04:46:18.826] Writer run started.
WRITER_1_*_1> WRT_8158 [2022-11-11 04:46:18.826] 

*****START LOAD SESSION*****

Load Start Time: Fri Nov 11 04:46:18 2022

Target tables:

     Budget_Phones
     Midrange_Phones
     Luxury_Phones


READER_1_1_1> RR_4010 [2022-11-11 04:46:18.826] SQ instance [Source] SQL Query [SELECT wOoJkjpNhU.Phones.Prod_ID, wOoJkjpNhU.Phones.Prod_Name, wOoJkjpNhU.Phones.Prod_Desc, wOoJkjpNhU.Phones.Prod_Price FROM wOoJkjpNhU.Phones]
READER_1_1_1> RR_4049 [2022-11-11 04:46:18.826] SQL Query issued to database : (Fri Nov 11 04:46:18 2022)
READER_1_1_1> RR_4050 [2022-11-11 04:46:19.111] First row returned from database to reader : (Fri Nov 11 04:46:19 2022)
READER_1_1_1> BLKR_16019 [2022-11-11 04:46:19.111] Read [100] rows, read [0] error rows for source table [Phones] instance name [Phones]
READER_1_1_1> BLKR_16008 [2022-11-11 04:46:19.111] Reader run completed.
TRANSF_1_1_1> DBG_21216 [2022-11-11 04:46:19.111] Finished transformations for Source Qualifier [Source]. Total errors [0] 
WRITER_1_*_1> WRT_8167 [2022-11-11 04:46:19.111] Start loading table [Budget_Phones] at: Fri Nov 11 04:46:18 2022
WRITER_1_*_1> WRT_8167 [2022-11-11 04:46:27.516] Start loading table [Midrange_Phones] at: Fri Nov 11 04:46:26 2022
WRITER_1_*_1> WRT_8167 [2022-11-11 04:46:39.544] Start loading table [Luxury_Phones] at: Fri Nov 11 04:46:38 2022
WRITER_1_*_1> WRT_8168 [2022-11-11 04:46:47.090] End loading table [Budget_Phones] at: Fri Nov 11 04:46:46 2022
WRITER_1_*_1> WRT_8141 [2022-11-11 04:46:47.370] 
Commit on end-of-data  Fri Nov 11 04:46:46 2022
===================================================

WRT_8036 Target: Budget_Phones (Instance Name: [Budget_Phones])
WRT_8041 Updated rows  - Requested: 30         Applied: 30         Rejected: 0          Affected: 210       

WRT_8036 Target: Midrange_Phones (Instance Name: [Midrange_Phones])
WRT_8041 Updated rows  - Requested: 43         Applied: 43         Rejected: 0          Affected: 129       

WRT_8036 Target: Luxury_Phones (Instance Name: [Luxury_Phones])
WRT_8041 Updated rows  - Requested: 27         Applied: 27         Rejected: 0          Affected: 81        

WRITER_1_*_1> WRT_8168 [2022-11-11 04:46:47.370] End loading table [Midrange_Phones] at: Fri Nov 11 04:46:46 2022
WRITER_1_*_1> WRT_8168 [2022-11-11 04:46:47.370] End loading table [Luxury_Phones] at: Fri Nov 11 04:46:46 2022
WRITER_1_*_1> WRT_8035 [2022-11-11 04:46:47.370] Load complete time: Fri Nov 11 04:46:46 2022

LOAD SUMMARY
============

WRT_8036 Target: Budget_Phones (Instance Name: [Budget_Phones])
WRT_8041 Updated rows  - Requested: 30         Applied: 30         Rejected: 0          Affected: 210       

WRT_8036 Target: Midrange_Phones (Instance Name: [Midrange_Phones])
WRT_8041 Updated rows  - Requested: 43         Applied: 43         Rejected: 0          Affected: 129       

WRT_8036 Target: Luxury_Phones (Instance Name: [Luxury_Phones])
WRT_8041 Updated rows  - Requested: 27         Applied: 27         Rejected: 0          Affected: 81        


WRITER_1_*_1> WRT_8043 [2022-11-11 04:46:47.370] *****END LOAD SESSION*****
WRITER_1_*_1> WRT_8006 [2022-11-11 04:46:47.655] Writer run completed.
MANAGER> PETL_24031 [2022-11-11 04:46:47.655] 
***** RUN INFO FOR TGT LOAD ORDER GROUP [1], CONCURRENT SET [1] *****
Thread [READER_1_1_1] created for [the read stage] of partition point [Source] has completed.
	Total Run Time = [0.568295] secs
	Total Idle Time = [0.000000] secs
	Busy Percentage = [100.000000]
Thread [TRANSF_1_1_1] created for [the transformation stage] of partition point [Source] has completed. The total run time was insufficient for any meaningful statistics.
Thread [WRITER_1_*_1] created for [the write stage] of partition point [Budget_Phones, Midrange_Phones, Luxury_Phones] has completed.
	Total Run Time = [28.543296] secs
	Total Idle Time = [0.000000] secs
	Busy Percentage = [100.000000]

MANAGER> PETL_24005 [2022-11-11 04:46:47.656] Starting post-session tasks. : (Fri Nov 11 04:46:47 2022)
POST-SESS> PETL_24091 [2022-11-11 04:46:47.656] Thread [POST-SESS] has the ID [8].
MANAGER> PETL_24029 [2022-11-11 04:46:47.656] Post-session task completed successfully. : (Fri Nov 11 04:46:47 2022)
MAPPING> TM_6018 [2022-11-11 04:46:47.657] The session completed with [0] row transformation errors. 
MANAGER> PETL_24002 [2022-11-11 04:46:47.754] Parallel Pipeline Engine finished.
DIRECTOR> PETL_24012 [2022-11-11 04:46:47.754] Session run completed successfully.
DIRECTOR> TM_6022 [2022-11-11 04:46:47.754] 

SESSION LOAD SUMMARY
================================================

DIRECTOR> TM_6252 [2022-11-11 04:46:47.754] Source Load Summary.
DIRECTOR> CMN_1740 [2022-11-11 04:46:47.754] Table: [Source] (Instance Name: [Source] Instance UI Name: [Source])
	 Output Rows [100], Affected Rows [100], Applied Rows [100], Rejected Rows [0]
DIRECTOR> TM_6253 [2022-11-11 04:46:47.754] Target Load Summary.
DIRECTOR> CMN_1740 [2022-11-11 04:46:47.754] Table: [Budget_Phones] (Instance Name: [Budget_Phones] Instance UI Name: [Target])
	 Output Rows [30], Affected Rows [210], Applied Rows [30], Rejected Rows [0]
DIRECTOR> CMN_1740 [2022-11-11 04:46:47.754] Table: [Midrange_Phones] (Instance Name: [Midrange_Phones] Instance UI Name: [Target1])
	 Output Rows [43], Affected Rows [129], Applied Rows [43], Rejected Rows [0]
DIRECTOR> CMN_1740 [2022-11-11 04:46:47.754] Table: [Luxury_Phones] (Instance Name: [Luxury_Phones] Instance UI Name: [Target2])
	 Output Rows [27], Affected Rows [81], Applied Rows [27], Rejected Rows [0]
DIRECTOR> TM_6023 [2022-11-11 04:46:47.754] 
===================================================

DIRECTOR> TM_6020 [2022-11-11 04:46:47.754] Session [s_mtt_011SCX0Z000000000002] completed at [Fri Nov 11 04:46:47 2022].
